[debug] [2025-11-12T21:40:49.609Z] ----------------------------------------------------------------------
[debug] [2025-11-12T21:40:49.612Z] Command:       /nix/store/ws50yvm6vzlzf7jzz6n7xh4szddrack1-nodejs-20.19.1/bin/node /home/user/.global_modules/bin/firebase deploy
[debug] [2025-11-12T21:40:49.613Z] CLI Version:   14.24.2
[debug] [2025-11-12T21:40:49.614Z] Platform:      linux
[debug] [2025-11-12T21:40:49.614Z] Node Version:  v20.19.1
[debug] [2025-11-12T21:40:49.615Z] Time:          Wed Nov 12 2025 21:40:49 GMT+0000 (Coordinated Universal Time)
[debug] [2025-11-12T21:40:49.615Z] ----------------------------------------------------------------------
[debug] 
[debug] [2025-11-12T21:40:50.164Z] Object "/apphosting" in "firebase.json" is missing required property: {"missingProperty":"backendId"}
[debug] [2025-11-12T21:40:50.164Z] Field "/apphosting" in "firebase.json" is possibly invalid: must be array
[debug] [2025-11-12T21:40:50.164Z] Field "/apphosting" in "firebase.json" is possibly invalid: must match a schema in anyOf
[debug] [2025-11-12T21:40:50.168Z] Checked if tokens are valid: false, expires at: 1762984163839
[debug] [2025-11-12T21:40:50.168Z] Checked if tokens are valid: false, expires at: 1762984163839
[debug] [2025-11-12T21:40:50.168Z] > refreshing access token with scopes: []
[debug] [2025-11-12T21:40:50.171Z] >>> [apiv2][query] POST https://www.googleapis.com/oauth2/v3/token [none]
[debug] [2025-11-12T21:40:50.172Z] >>> [apiv2][body] POST https://www.googleapis.com/oauth2/v3/token [omitted]
[debug] [2025-11-12T21:40:50.344Z] <<< [apiv2][status] POST https://www.googleapis.com/oauth2/v3/token 200
[debug] [2025-11-12T21:40:50.344Z] <<< [apiv2][body] POST https://www.googleapis.com/oauth2/v3/token [omitted]
[debug] [2025-11-12T21:40:50.380Z] >>> [apiv2][query] GET https://monospace-pa.googleapis.com/v1/workspaces/studio-2951678606 [none]
[debug] [2025-11-12T21:40:50.966Z] <<< [apiv2][status] GET https://monospace-pa.googleapis.com/v1/workspaces/studio-2951678606 200
[debug] [2025-11-12T21:40:50.967Z] <<< [apiv2][body] GET https://monospace-pa.googleapis.com/v1/workspaces/studio-2951678606 {"workspaceId":"studio-2951678606","name":"SENT Energia","workspaceRedirectUrl":"firebase-studio-1750277858993.cluster-duylic2g3fbzerqpzxxbw6helm.cloudworkstations.dev","status":"WORKSPACE_STATUS_RUNNING","lastAccessDatetime":"2025-11-12T16:03:38.997489Z","workspaceTemplate":"WORKSPACE_TEMPLATE_CAPRA_BUILDER","owner":"SELF","serviceAccountEmail":"msp-7665949502623403253@monospace-362420.iam.gserviceaccount.com","ownerEmail":"lucasmouraenersim@gmail.com","workspaceImageUrl":"https://www.gstatic.com/monospace/250314/workspace-prototype-192.png","templateArgs":"{}","templateRepoUrl":"file:///usr/local/monospace/templates/private/_capra_next","workstationAccessToken":"eyJhbGciOiJSUzI1NiIsInR5cCI6IkpXVCJ9.eyJpc3MiOiJodHRwczovL2Nsb3VkLmdvb2dsZS5jb20vd29ya3N0YXRpb25zIiwiYXVkIjoiZmlyZWJhc2Utc3R1ZGlvLTE3NTAyNzc4NTg5OTMuY2x1c3Rlci1kdXlsaWMyZzNmYnplcnFwenh4Ync2aGVsbS5jbG91ZHdvcmtzdGF0aW9ucy5kZXYiLCJpYXQiOjE3NjI5ODM2NTAsImV4cCI6MTc2MzA3MDA1MH0.RcsL_Fft0Ki-sr-PB9Cer_gQ_v__gexm30NnqfiNkEUWIO9AH7FC2s8EnmmaSDzHt4mtYqqH8En6xvJ1WOf94Q3rA_yDkZewWAjY5xDPhDnUWV1zqgeZHO-hHVJSNPEB2XOMY6gCOIGG2borYLP27tKrtvbSHSbKPgsVTSFCEuPCDYYsTVrrDmaO2nQFTQ9ExNmMDP57QtEkt0k8tLNyRoFUg8f-kvhm8EEBd5PXL6ClDZRbhWZaMXp60qAQg6ogq_6KUkjubZJ8OlrgXwThTJogzLR1_D10c5hhtDCbxGwaNrPI8cVIjxr4bM3uFDM3PMmzqc6IvF9nlOBKd7Ca5Q","firebaseProjectId":"energisa-invoice-editor"}
[debug] [2025-11-12T21:40:50.969Z] > command requires scopes: ["email","openid","https://www.googleapis.com/auth/cloudplatformprojects.readonly","https://www.googleapis.com/auth/firebase","https://www.googleapis.com/auth/cloud-platform","https://www.googleapis.com/auth/userinfo.email"]
[debug] [2025-11-12T21:40:50.970Z] > authorizing via signed-in user (lucasmouraenersim@gmail.com)
[debug] [2025-11-12T21:40:50.971Z] [iam] checking project energisa-invoice-editor for permissions ["datastore.indexes.create","datastore.indexes.delete","datastore.indexes.list","datastore.indexes.update","firebase.projects.get","firebaserules.releases.create","firebaserules.releases.update","firebaserules.rulesets.create",null]
[debug] [2025-11-12T21:40:50.972Z] Checked if tokens are valid: true, expires at: 1762987249345
[debug] [2025-11-12T21:40:50.972Z] Checked if tokens are valid: true, expires at: 1762987249345
[debug] [2025-11-12T21:40:50.972Z] >>> [apiv2][query] POST https://cloudresourcemanager.googleapis.com/v1/projects/energisa-invoice-editor:testIamPermissions [none]
[debug] [2025-11-12T21:40:50.973Z] >>> [apiv2][(partial)header] POST https://cloudresourcemanager.googleapis.com/v1/projects/energisa-invoice-editor:testIamPermissions x-goog-quota-user=projects/energisa-invoice-editor
[debug] [2025-11-12T21:40:50.973Z] >>> [apiv2][body] POST https://cloudresourcemanager.googleapis.com/v1/projects/energisa-invoice-editor:testIamPermissions {"permissions":["datastore.indexes.create","datastore.indexes.delete","datastore.indexes.list","datastore.indexes.update","firebase.projects.get","firebaserules.releases.create","firebaserules.releases.update","firebaserules.rulesets.create",null]}
[debug] [2025-11-12T21:40:51.824Z] <<< [apiv2][status] POST https://cloudresourcemanager.googleapis.com/v1/projects/energisa-invoice-editor:testIamPermissions 200
[debug] [2025-11-12T21:40:51.825Z] <<< [apiv2][body] POST https://cloudresourcemanager.googleapis.com/v1/projects/energisa-invoice-editor:testIamPermissions {"permissions":["datastore.indexes.create","datastore.indexes.delete","datastore.indexes.list","datastore.indexes.update","firebase.projects.get","firebaserules.releases.create","firebaserules.releases.update","firebaserules.rulesets.create"]}
[debug] [2025-11-12T21:40:51.827Z] [iam] error while checking permissions, command may fail: Authorization failed. This account is missing the following required permissions on project energisa-invoice-editor:

  
[info] 
[info] === Deploying to 'energisa-invoice-editor'...
[info] 
[info] i  deploying storage, firestore, apphosting 
[info] i  storage: ensuring required API firebasestorage.googleapis.com is enabled... 
[debug] [2025-11-12T21:40:51.839Z] Checked if tokens are valid: true, expires at: 1762987249345
[debug] [2025-11-12T21:40:51.840Z] Checked if tokens are valid: true, expires at: 1762987249345
[debug] [2025-11-12T21:40:51.840Z] >>> [apiv2][query] GET https://serviceusage.googleapis.com/v1/projects/energisa-invoice-editor/services/firebasestorage.googleapis.com [none]
[debug] [2025-11-12T21:40:51.840Z] >>> [apiv2][(partial)header] GET https://serviceusage.googleapis.com/v1/projects/energisa-invoice-editor/services/firebasestorage.googleapis.com x-goog-quota-user=projects/energisa-invoice-editor
[debug] [2025-11-12T21:40:52.913Z] <<< [apiv2][status] GET https://serviceusage.googleapis.com/v1/projects/energisa-invoice-editor/services/firebasestorage.googleapis.com 200
[debug] [2025-11-12T21:40:52.913Z] <<< [apiv2][body] GET https://serviceusage.googleapis.com/v1/projects/energisa-invoice-editor/services/firebasestorage.googleapis.com [omitted]
[info] ✔  storage: required API firebasestorage.googleapis.com is enabled 
[debug] [2025-11-12T21:40:52.930Z] Checked if tokens are valid: true, expires at: 1762987249345
[debug] [2025-11-12T21:40:52.930Z] Checked if tokens are valid: true, expires at: 1762987249345
[debug] [2025-11-12T21:40:52.930Z] >>> [apiv2][query] GET https://firebasestorage.googleapis.com/v1alpha/projects/energisa-invoice-editor/defaultBucket [none]
[debug] [2025-11-12T21:40:54.556Z] <<< [apiv2][status] GET https://firebasestorage.googleapis.com/v1alpha/projects/energisa-invoice-editor/defaultBucket 200
[debug] [2025-11-12T21:40:54.559Z] <<< [apiv2][body] GET https://firebasestorage.googleapis.com/v1alpha/projects/energisa-invoice-editor/defaultBucket {"name":"projects/energisa-invoice-editor/defaultBucket","location":"SOUTHAMERICA-EAST1","bucket":{"name":"projects/energisa-invoice-editor/buckets/energisa-invoice-editor.firebasestorage.app"},"storageClass":"REGIONAL"}
[info] i  firebase.storage: checking storage.rules for compilation errors... 
[debug] [2025-11-12T21:40:54.568Z] Checked if tokens are valid: true, expires at: 1762987249345
[debug] [2025-11-12T21:40:54.568Z] Checked if tokens are valid: true, expires at: 1762987249345
[debug] [2025-11-12T21:40:54.568Z] >>> [apiv2][query] POST https://firebaserules.googleapis.com/v1/projects/energisa-invoice-editor:test [none]
[debug] [2025-11-12T21:40:54.569Z] >>> [apiv2][body] POST https://firebaserules.googleapis.com/v1/projects/energisa-invoice-editor:test [omitted]
[debug] [2025-11-12T21:40:55.444Z] <<< [apiv2][status] POST https://firebaserules.googleapis.com/v1/projects/energisa-invoice-editor:test 200
[debug] [2025-11-12T21:40:55.444Z] <<< [apiv2][body] POST https://firebaserules.googleapis.com/v1/projects/energisa-invoice-editor:test {}
[info] ✔  firebase.storage: rules file storage.rules compiled successfully 
[info] i  firestore: ensuring required API firestore.googleapis.com is enabled... 
[debug] [2025-11-12T21:40:55.447Z] Checked if tokens are valid: true, expires at: 1762987249345
[debug] [2025-11-12T21:40:55.453Z] Checked if tokens are valid: true, expires at: 1762987249345
[debug] [2025-11-12T21:40:55.453Z] >>> [apiv2][query] GET https://serviceusage.googleapis.com/v1/projects/energisa-invoice-editor/services/firestore.googleapis.com [none]
[debug] [2025-11-12T21:40:55.454Z] >>> [apiv2][(partial)header] GET https://serviceusage.googleapis.com/v1/projects/energisa-invoice-editor/services/firestore.googleapis.com x-goog-quota-user=projects/energisa-invoice-editor
[debug] [2025-11-12T21:40:56.471Z] <<< [apiv2][status] GET https://serviceusage.googleapis.com/v1/projects/energisa-invoice-editor/services/firestore.googleapis.com 200
[debug] [2025-11-12T21:40:56.471Z] <<< [apiv2][body] GET https://serviceusage.googleapis.com/v1/projects/energisa-invoice-editor/services/firestore.googleapis.com [omitted]
[info] ✔  firestore: required API firestore.googleapis.com is enabled 
[info] i  firestore: ensuring required API firestore.googleapis.com is enabled... 
[debug] [2025-11-12T21:40:56.487Z] Checked if tokens are valid: true, expires at: 1762987249345
[debug] [2025-11-12T21:40:56.487Z] Checked if tokens are valid: true, expires at: 1762987249345
[debug] [2025-11-12T21:40:56.487Z] >>> [apiv2][query] GET https://firestore.googleapis.com/v1/projects/energisa-invoice-editor/databases/(default) [none]
[debug] [2025-11-12T21:40:56.918Z] <<< [apiv2][status] GET https://firestore.googleapis.com/v1/projects/energisa-invoice-editor/databases/(default) 200
[debug] [2025-11-12T21:40:56.920Z] <<< [apiv2][body] GET https://firestore.googleapis.com/v1/projects/energisa-invoice-editor/databases/(default) {"name":"projects/energisa-invoice-editor/databases/(default)","uid":"2ee3fbae-6870-4641-a18f-7570e387ce27","createTime":"2025-06-19T23:00:52.328612Z","updateTime":"2025-06-19T23:00:52.328612Z","locationId":"southamerica-east1","type":"FIRESTORE_NATIVE","concurrencyMode":"PESSIMISTIC","versionRetentionPeriod":"3600s","earliestVersionTime":"2025-11-12T20:40:56.890644Z","appEngineIntegrationMode":"DISABLED","keyPrefix":"i","pointInTimeRecoveryEnablement":"POINT_IN_TIME_RECOVERY_DISABLED","deleteProtectionState":"DELETE_PROTECTION_DISABLED","databaseEdition":"STANDARD","freeTier":true,"realtimeUpdatesMode":"REALTIME_UPDATES_MODE_ENABLED","etag":"IPK99PTJ7ZADMLKZ+/WKtJAD"}
[info] i  cloud.firestore: checking firestore.rules for compilation errors... 
[debug] [2025-11-12T21:40:56.921Z] Checked if tokens are valid: true, expires at: 1762987249345
[debug] [2025-11-12T21:40:56.921Z] Checked if tokens are valid: true, expires at: 1762987249345
[debug] [2025-11-12T21:40:56.921Z] >>> [apiv2][query] POST https://firebaserules.googleapis.com/v1/projects/energisa-invoice-editor:test [none]
[debug] [2025-11-12T21:40:56.921Z] >>> [apiv2][body] POST https://firebaserules.googleapis.com/v1/projects/energisa-invoice-editor:test [omitted]
[debug] [2025-11-12T21:40:57.773Z] <<< [apiv2][status] POST https://firebaserules.googleapis.com/v1/projects/energisa-invoice-editor:test 200
[debug] [2025-11-12T21:40:57.773Z] <<< [apiv2][body] POST https://firebaserules.googleapis.com/v1/projects/energisa-invoice-editor:test {}
[info] ✔  cloud.firestore: rules file firestore.rules compiled successfully 
[debug] [2025-11-12T21:40:57.782Z] Checked if tokens are valid: true, expires at: 1762987249345
[debug] [2025-11-12T21:40:57.782Z] Checked if tokens are valid: true, expires at: 1762987249345
[debug] [2025-11-12T21:40:57.783Z] >>> [apiv2][query] POST https://iam.googleapis.com/v1/projects/energisa-invoice-editor/serviceAccounts/firebase-app-hosting-compute@energisa-invoice-editor.iam.gserviceaccount.com:testIamPermissions [none]
[debug] [2025-11-12T21:40:57.783Z] >>> [apiv2][(partial)header] POST https://iam.googleapis.com/v1/projects/energisa-invoice-editor/serviceAccounts/firebase-app-hosting-compute@energisa-invoice-editor.iam.gserviceaccount.com:testIamPermissions x-goog-quota-user=projects/energisa-invoice-editor
[debug] [2025-11-12T21:40:57.783Z] >>> [apiv2][body] POST https://iam.googleapis.com/v1/projects/energisa-invoice-editor/serviceAccounts/firebase-app-hosting-compute@energisa-invoice-editor.iam.gserviceaccount.com:testIamPermissions {"permissions":["iam.serviceAccounts.actAs"]}
[debug] [2025-11-12T21:40:58.657Z] <<< [apiv2][status] POST https://iam.googleapis.com/v1/projects/energisa-invoice-editor/serviceAccounts/firebase-app-hosting-compute@energisa-invoice-editor.iam.gserviceaccount.com:testIamPermissions 200
[debug] [2025-11-12T21:40:58.657Z] <<< [apiv2][body] POST https://iam.googleapis.com/v1/projects/energisa-invoice-editor/serviceAccounts/firebase-app-hosting-compute@energisa-invoice-editor.iam.gserviceaccount.com:testIamPermissions {"permissions":["iam.serviceAccounts.actAs"]}
[debug] [2025-11-12T21:40:58.658Z] Checked if tokens are valid: true, expires at: 1762987249345
[debug] [2025-11-12T21:40:58.660Z] Checked if tokens are valid: true, expires at: 1762987249345
[debug] [2025-11-12T21:40:58.661Z] >>> [apiv2][query] POST https://iam.googleapis.com/v1/projects/energisa-invoice-editor/serviceAccounts [none]
[debug] [2025-11-12T21:40:58.661Z] >>> [apiv2][body] POST https://iam.googleapis.com/v1/projects/energisa-invoice-editor/serviceAccounts {"accountId":"firebase-app-hosting-compute","serviceAccount":{"displayName":"Firebase App Hosting compute service account","description":"Default service account used to run builds and deploys for Firebase App Hosting"}}
[debug] [2025-11-12T21:40:59.554Z] <<< [apiv2][status] POST https://iam.googleapis.com/v1/projects/energisa-invoice-editor/serviceAccounts 409
[debug] [2025-11-12T21:40:59.554Z] <<< [apiv2][body] POST https://iam.googleapis.com/v1/projects/energisa-invoice-editor/serviceAccounts [omitted]
[debug] [2025-11-12T21:40:59.561Z] Checked if tokens are valid: true, expires at: 1762987249345
[debug] [2025-11-12T21:40:59.561Z] Checked if tokens are valid: true, expires at: 1762987249345
[debug] [2025-11-12T21:40:59.561Z] >>> [apiv2][query] POST https://cloudresourcemanager.googleapis.com/v1/projects/energisa-invoice-editor:getIamPolicy [none]
[debug] [2025-11-12T21:41:00.529Z] <<< [apiv2][status] POST https://cloudresourcemanager.googleapis.com/v1/projects/energisa-invoice-editor:getIamPolicy 200
[debug] [2025-11-12T21:41:00.530Z] <<< [apiv2][body] POST https://cloudresourcemanager.googleapis.com/v1/projects/energisa-invoice-editor:getIamPolicy {"version":1,"etag":"BwZDbGap36Q=","bindings":[{"role":"roles/artifactregistry.serviceAgent","members":["serviceAccount:service-435065861023@gcp-sa-artifactregistry.iam.gserviceaccount.com"]},{"role":"roles/cloudaicompanion.serviceAgent","members":["serviceAccount:service-435065861023@gcp-sa-cloudaicompanion.iam.gserviceaccount.com"]},{"role":"roles/cloudbuild.builds.builder","members":["serviceAccount:435065861023@cloudbuild.gserviceaccount.com"]},{"role":"roles/cloudbuild.serviceAgent","members":["serviceAccount:service-435065861023@gcp-sa-cloudbuild.iam.gserviceaccount.com"]},{"role":"roles/cloudconfig.admin","members":["serviceAccount:firebase-adminsdk-fbsvc@energisa-invoice-editor.iam.gserviceaccount.com"]},{"role":"roles/cloudfunctions.admin","members":["serviceAccount:firebase-adminsdk-fbsvc@energisa-invoice-editor.iam.gserviceaccount.com"]},{"role":"roles/compute.serviceAgent","members":["serviceAccount:service-435065861023@compute-system.iam.gserviceaccount.com"]},{"role":"roles/containerregistry.ServiceAgent","members":["serviceAccount:service-435065861023@containerregistry.iam.gserviceaccount.com"]},{"role":"roles/developerconnect.readTokenAccessor","members":["serviceAccount:firebase-app-hosting-compute@energisa-invoice-editor.iam.gserviceaccount.com"]},{"role":"roles/developerconnect.serviceAgent","members":["serviceAccount:service-435065861023@gcp-sa-devconnect.iam.gserviceaccount.com"]},{"role":"roles/editor","members":["serviceAccount:435065861023-compute@developer.gserviceaccount.com","serviceAccount:435065861023@cloudservices.gserviceaccount.com","serviceAccount:firebase-adminsdk-fbsvc@energisa-invoice-editor.iam.gserviceaccount.com","serviceAccount:firebase-app-hosting-compute@energisa-invoice-editor.iam.gserviceaccount.com","user:paulocastrodeoliveira124@gmail.com"]},{"role":"roles/firebase.managementServiceAgent","members":["serviceAccount:service-435065861023@gcp-sa-firebase.iam.gserviceaccount.com"]},{"role":"roles/firebase.sdkAdminServiceAgent","members":["serviceAccount:firebase-adminsdk-fbsvc@energisa-invoice-editor.iam.gserviceaccount.com","serviceAccount:firebase-app-hosting-compute@energisa-invoice-editor.iam.gserviceaccount.com"]},{"role":"roles/firebaseapphosting.computeRunner","members":["serviceAccount:firebase-app-hosting-compute@energisa-invoice-editor.iam.gserviceaccount.com"]},{"role":"roles/firebaseapphosting.serviceAgent","members":["serviceAccount:service-435065861023@gcp-sa-firebaseapphosting.iam.gserviceaccount.com"]},{"role":"roles/firebaseauth.admin","members":["serviceAccount:firebase-adminsdk-fbsvc@energisa-invoice-editor.iam.gserviceaccount.com"]},{"role":"roles/firebasemods.serviceAgent","members":["serviceAccount:service-435065861023@gcp-sa-firebasemods.iam.gserviceaccount.com"]},{"role":"roles/firebaserules.system","members":["serviceAccount:service-435065861023@firebase-rules.iam.gserviceaccount.com"]},{"role":"roles/firebasestorage.serviceAgent","members":["serviceAccount:service-435065861023@gcp-sa-firebasestorage.iam.gserviceaccount.com"]},{"role":"roles/firestore.serviceAgent","members":["serviceAccount:service-435065861023@gcp-sa-firestore.iam.gserviceaccount.com"]},{"role":"roles/iam.serviceAccountTokenCreator","members":["serviceAccount:firebase-adminsdk-fbsvc@energisa-invoice-editor.iam.gserviceaccount.com"]},{"role":"roles/owner","members":["user:lucasmouraenersim@gmail.com"]},{"role":"roles/run.serviceAgent","members":["serviceAccount:service-435065861023@serverless-robot-prod.iam.gserviceaccount.com"]},{"role":"roles/secretmanager.admin_withcond_fa2b4803f01f7a064304","members":["serviceAccount:service-435065861023@gcp-sa-devconnect.iam.gserviceaccount.com"]},{"role":"roles/storage.admin","members":["serviceAccount:firebase-adminsdk-fbsvc@energisa-invoice-editor.iam.gserviceaccount.com"]},{"role":"roles/storage.objectViewer","members":["serviceAccount:firebase-app-hosting-compute@energisa-invoice-editor.iam.gserviceaccount.com"]}]}
[debug] [2025-11-12T21:41:00.532Z] Checked if tokens are valid: true, expires at: 1762987249345
[debug] [2025-11-12T21:41:00.534Z] Checked if tokens are valid: true, expires at: 1762987249345
[debug] [2025-11-12T21:41:00.534Z] >>> [apiv2][query] POST https://cloudresourcemanager.googleapis.com/v1/projects/energisa-invoice-editor:setIamPolicy [none]
[debug] [2025-11-12T21:41:00.534Z] >>> [apiv2][body] POST https://cloudresourcemanager.googleapis.com/v1/projects/energisa-invoice-editor:setIamPolicy {"policy":{"version":1,"etag":"BwZDbGap36Q=","bindings":[{"role":"roles/artifactregistry.serviceAgent","members":["serviceAccount:service-435065861023@gcp-sa-artifactregistry.iam.gserviceaccount.com"]},{"role":"roles/cloudaicompanion.serviceAgent","members":["serviceAccount:service-435065861023@gcp-sa-cloudaicompanion.iam.gserviceaccount.com"]},{"role":"roles/cloudbuild.builds.builder","members":["serviceAccount:435065861023@cloudbuild.gserviceaccount.com"]},{"role":"roles/cloudbuild.serviceAgent","members":["serviceAccount:service-435065861023@gcp-sa-cloudbuild.iam.gserviceaccount.com"]},{"role":"roles/cloudconfig.admin","members":["serviceAccount:firebase-adminsdk-fbsvc@energisa-invoice-editor.iam.gserviceaccount.com"]},{"role":"roles/cloudfunctions.admin","members":["serviceAccount:firebase-adminsdk-fbsvc@energisa-invoice-editor.iam.gserviceaccount.com"]},{"role":"roles/compute.serviceAgent","members":["serviceAccount:service-435065861023@compute-system.iam.gserviceaccount.com"]},{"role":"roles/containerregistry.ServiceAgent","members":["serviceAccount:service-435065861023@containerregistry.iam.gserviceaccount.com"]},{"role":"roles/developerconnect.readTokenAccessor","members":["serviceAccount:firebase-app-hosting-compute@energisa-invoice-editor.iam.gserviceaccount.com"]},{"role":"roles/developerconnect.serviceAgent","members":["serviceAccount:service-435065861023@gcp-sa-devconnect.iam.gserviceaccount.com"]},{"role":"roles/editor","members":["serviceAccount:435065861023-compute@developer.gserviceaccount.com","serviceAccount:435065861023@cloudservices.gserviceaccount.com","serviceAccount:firebase-adminsdk-fbsvc@energisa-invoice-editor.iam.gserviceaccount.com","serviceAccount:firebase-app-hosting-compute@energisa-invoice-editor.iam.gserviceaccount.com","user:paulocastrodeoliveira124@gmail.com"]},{"role":"roles/firebase.managementServiceAgent","members":["serviceAccount:service-435065861023@gcp-sa-firebase.iam.gserviceaccount.com"]},{"role":"roles/firebase.sdkAdminServiceAgent","members":["serviceAccount:firebase-adminsdk-fbsvc@energisa-invoice-editor.iam.gserviceaccount.com","serviceAccount:firebase-app-hosting-compute@energisa-invoice-editor.iam.gserviceaccount.com"]},{"role":"roles/firebaseapphosting.computeRunner","members":["serviceAccount:firebase-app-hosting-compute@energisa-invoice-editor.iam.gserviceaccount.com"]},{"role":"roles/firebaseapphosting.serviceAgent","members":["serviceAccount:service-435065861023@gcp-sa-firebaseapphosting.iam.gserviceaccount.com"]},{"role":"roles/firebaseauth.admin","members":["serviceAccount:firebase-adminsdk-fbsvc@energisa-invoice-editor.iam.gserviceaccount.com"]},{"role":"roles/firebasemods.serviceAgent","members":["serviceAccount:service-435065861023@gcp-sa-firebasemods.iam.gserviceaccount.com"]},{"role":"roles/firebaserules.system","members":["serviceAccount:service-435065861023@firebase-rules.iam.gserviceaccount.com"]},{"role":"roles/firebasestorage.serviceAgent","members":["serviceAccount:service-435065861023@gcp-sa-firebasestorage.iam.gserviceaccount.com"]},{"role":"roles/firestore.serviceAgent","members":["serviceAccount:service-435065861023@gcp-sa-firestore.iam.gserviceaccount.com"]},{"role":"roles/iam.serviceAccountTokenCreator","members":["serviceAccount:firebase-adminsdk-fbsvc@energisa-invoice-editor.iam.gserviceaccount.com"]},{"role":"roles/owner","members":["user:lucasmouraenersim@gmail.com"]},{"role":"roles/run.serviceAgent","members":["serviceAccount:service-435065861023@serverless-robot-prod.iam.gserviceaccount.com"]},{"role":"roles/secretmanager.admin_withcond_fa2b4803f01f7a064304","members":["serviceAccount:service-435065861023@gcp-sa-devconnect.iam.gserviceaccount.com"]},{"role":"roles/storage.admin","members":["serviceAccount:firebase-adminsdk-fbsvc@energisa-invoice-editor.iam.gserviceaccount.com"]},{"role":"roles/storage.objectViewer","members":["serviceAccount:firebase-app-hosting-compute@energisa-invoice-editor.iam.gserviceaccount.com"]}]},"updateMask":"bindings"}
[debug] [2025-11-12T21:41:01.489Z] <<< [apiv2][status] POST https://cloudresourcemanager.googleapis.com/v1/projects/energisa-invoice-editor:setIamPolicy 200
[debug] [2025-11-12T21:41:01.490Z] <<< [apiv2][body] POST https://cloudresourcemanager.googleapis.com/v1/projects/energisa-invoice-editor:setIamPolicy {"version":1,"etag":"BwZDbJ7hrtc=","bindings":[{"role":"roles/artifactregistry.serviceAgent","members":["serviceAccount:service-435065861023@gcp-sa-artifactregistry.iam.gserviceaccount.com"]},{"role":"roles/cloudaicompanion.serviceAgent","members":["serviceAccount:service-435065861023@gcp-sa-cloudaicompanion.iam.gserviceaccount.com"]},{"role":"roles/cloudbuild.builds.builder","members":["serviceAccount:435065861023@cloudbuild.gserviceaccount.com"]},{"role":"roles/cloudbuild.serviceAgent","members":["serviceAccount:service-435065861023@gcp-sa-cloudbuild.iam.gserviceaccount.com"]},{"role":"roles/cloudconfig.admin","members":["serviceAccount:firebase-adminsdk-fbsvc@energisa-invoice-editor.iam.gserviceaccount.com"]},{"role":"roles/cloudfunctions.admin","members":["serviceAccount:firebase-adminsdk-fbsvc@energisa-invoice-editor.iam.gserviceaccount.com"]},{"role":"roles/compute.serviceAgent","members":["serviceAccount:service-435065861023@compute-system.iam.gserviceaccount.com"]},{"role":"roles/containerregistry.ServiceAgent","members":["serviceAccount:service-435065861023@containerregistry.iam.gserviceaccount.com"]},{"role":"roles/developerconnect.readTokenAccessor","members":["serviceAccount:firebase-app-hosting-compute@energisa-invoice-editor.iam.gserviceaccount.com"]},{"role":"roles/developerconnect.serviceAgent","members":["serviceAccount:service-435065861023@gcp-sa-devconnect.iam.gserviceaccount.com"]},{"role":"roles/editor","members":["serviceAccount:435065861023-compute@developer.gserviceaccount.com","serviceAccount:435065861023@cloudservices.gserviceaccount.com","serviceAccount:firebase-adminsdk-fbsvc@energisa-invoice-editor.iam.gserviceaccount.com","serviceAccount:firebase-app-hosting-compute@energisa-invoice-editor.iam.gserviceaccount.com","user:paulocastrodeoliveira124@gmail.com"]},{"role":"roles/firebase.managementServiceAgent","members":["serviceAccount:service-435065861023@gcp-sa-firebase.iam.gserviceaccount.com"]},{"role":"roles/firebase.sdkAdminServiceAgent","members":["serviceAccount:firebase-adminsdk-fbsvc@energisa-invoice-editor.iam.gserviceaccount.com","serviceAccount:firebase-app-hosting-compute@energisa-invoice-editor.iam.gserviceaccount.com"]},{"role":"roles/firebaseapphosting.computeRunner","members":["serviceAccount:firebase-app-hosting-compute@energisa-invoice-editor.iam.gserviceaccount.com"]},{"role":"roles/firebaseapphosting.serviceAgent","members":["serviceAccount:service-435065861023@gcp-sa-firebaseapphosting.iam.gserviceaccount.com"]},{"role":"roles/firebaseauth.admin","members":["serviceAccount:firebase-adminsdk-fbsvc@energisa-invoice-editor.iam.gserviceaccount.com"]},{"role":"roles/firebasemods.serviceAgent","members":["serviceAccount:service-435065861023@gcp-sa-firebasemods.iam.gserviceaccount.com"]},{"role":"roles/firebaserules.system","members":["serviceAccount:service-435065861023@firebase-rules.iam.gserviceaccount.com"]},{"role":"roles/firebasestorage.serviceAgent","members":["serviceAccount:service-435065861023@gcp-sa-firebasestorage.iam.gserviceaccount.com"]},{"role":"roles/firestore.serviceAgent","members":["serviceAccount:service-435065861023@gcp-sa-firestore.iam.gserviceaccount.com"]},{"role":"roles/iam.serviceAccountTokenCreator","members":["serviceAccount:firebase-adminsdk-fbsvc@energisa-invoice-editor.iam.gserviceaccount.com"]},{"role":"roles/owner","members":["user:lucasmouraenersim@gmail.com"]},{"role":"roles/run.serviceAgent","members":["serviceAccount:service-435065861023@serverless-robot-prod.iam.gserviceaccount.com"]},{"role":"roles/secretmanager.admin_withcond_fa2b4803f01f7a064304","members":["serviceAccount:service-435065861023@gcp-sa-devconnect.iam.gserviceaccount.com"]},{"role":"roles/storage.admin","members":["serviceAccount:firebase-adminsdk-fbsvc@energisa-invoice-editor.iam.gserviceaccount.com"]},{"role":"roles/storage.objectViewer","members":["serviceAccount:firebase-app-hosting-compute@energisa-invoice-editor.iam.gserviceaccount.com"]}]}
[debug] [2025-11-12T21:41:01.493Z] Checked if tokens are valid: true, expires at: 1762987249345
[debug] [2025-11-12T21:41:01.495Z] Checked if tokens are valid: true, expires at: 1762987249345
[debug] [2025-11-12T21:41:01.496Z] >>> [apiv2][query] GET https://firebaseapphosting.googleapis.com/v1beta/projects/energisa-invoice-editor/locations/-/backends 
[debug] [2025-11-12T21:41:02.754Z] <<< [apiv2][status] GET https://firebaseapphosting.googleapis.com/v1beta/projects/energisa-invoice-editor/locations/-/backends 200
[debug] [2025-11-12T21:41:02.755Z] <<< [apiv2][body] GET https://firebaseapphosting.googleapis.com/v1beta/projects/energisa-invoice-editor/locations/-/backends {"backends":[{"name":"projects/energisa-invoice-editor/locations/us-central1/backends/planus-app-backend","createTime":"2025-06-21T21:48:40.672286375Z","updateTime":"2025-11-11T21:29:41.295962Z","uri":"planus-app-backend--energisa-invoice-editor.us-central1.hosted.app","managedResources":[{"runService":{"service":"projects/435065861023/locations/us-central1/services/planus-app-backend"}}],"codebase":{"repository":"projects/energisa-invoice-editor/locations/us-central1/connections/apphosting-github-conn-uvocv7n/gitRepositoryLinks/LucasMouraChaser-planus-app-backend","rootDirectory":"/"},"uid":"c88fb90c-0491-420d-b3a3-a495d5123fd9","etag":"oNV3iIxvOFOE-vHWEx-A2JUUxH8VxQzlcsZw8w5mBEU","reconciling":false,"servingLocality":"GLOBAL_ACCESS","serviceAccount":"firebase-app-hosting-compute@energisa-invoice-editor.iam.gserviceaccount.com","appId":"1:435065861023:web:da3a50114964b4747f83aa"},{"name":"projects/energisa-invoice-editor/locations/us-central1/backends/studio","createTime":"2025-06-24T18:01:09.682159957Z","updateTime":"2025-11-12T20:24:21.638331Z","uri":"studio--energisa-invoice-editor.us-central1.hosted.app","managedResources":[{"runService":{"service":"projects/435065861023/locations/us-central1/services/studio"}}],"codebase":{"repository":"projects/energisa-invoice-editor/locations/us-central1/connections/apphosting-github-conn-uvocv7n/gitRepositoryLinks/LucasMouraChaser-planus-app-backend","rootDirectory":"/"},"uid":"679007a0-1418-424e-aecf-bdbf7de21417","etag":"akH9tBhPPiTCzYph7bq6ciGjGniAq-re4q9zYynEoM8","reconciling":false,"servingLocality":"GLOBAL_ACCESS","serviceAccount":"firebase-app-hosting-compute@energisa-invoice-editor.iam.gserviceaccount.com","appId":"1:435065861023:web:da3a50114964b4747f83aa"}]}
[debug] [2025-11-12T21:41:11.736Z] TypeError: Cannot read properties of undefined (reading 'name')
    at /home/user/.global_modules/lib/node_modules/firebase-tools/node_modules/@inquirer/checkbox/dist/commonjs/index.js:56:29
    at Array.map (<anonymous>)
    at normalizeChoices (/home/user/.global_modules/lib/node_modules/firebase-tools/node_modules/@inquirer/checkbox/dist/commonjs/index.js:43:20)
    at /home/user/.global_modules/lib/node_modules/firebase-tools/node_modules/@inquirer/checkbox/dist/commonjs/index.js:80:52
    at /home/user/.global_modules/lib/node_modules/firebase-tools/node_modules/@inquirer/core/dist/commonjs/lib/create-prompt.js:120:38
    at store.handleChange (/home/user/.global_modules/lib/node_modules/firebase-tools/node_modules/@inquirer/core/dist/commonjs/lib/hook-engine.js:31:17)
    at cycle (/home/user/.global_modules/lib/node_modules/firebase-tools/node_modules/@inquirer/core/dist/commonjs/lib/hook-engine.js:33:19)
    at /home/user/.global_modules/lib/node_modules/firebase-tools/node_modules/@inquirer/core/dist/commonjs/lib/create-prompt.js:118:13
    at /home/user/.global_modules/lib/node_modules/firebase-tools/node_modules/@inquirer/core/dist/commonjs/lib/hook-engine.js:35:16
    at AsyncLocalStorage.run (node:async_hooks:346:14)
[error] 
[error] Error: An unexpected error has occurred.
